<?xml version="1.0" encoding="UTF-8"?>
<!-- Generated by org.testng.reporters.JUnitReportReporter -->
<testsuite hostname="LAPTOP-U44FM1GC" failures="0" tests="1" name="testNG.BatchExecution6" time="0.003" errors="0" timestamp="2023-01-25T18:29:08 GMT-12:00" skipped="0">
  <testcase classname="testNG.BatchExecution6" name="batchExecution6" time="0.003"/>
  <system-out/>
</testsuite> <!-- testNG.BatchExecution6 -->
