<?xml version="1.0" encoding="UTF-8"?>
<!-- Generated by org.testng.reporters.JUnitReportReporter -->
<testsuite hostname="LAPTOP-U44FM1GC" failures="0" tests="1" name="testForListeners.Test1" time="0.043" errors="0" timestamp="2023-01-31T16:27:59 GMT-12:00" skipped="0">
  <testcase classname="testForListeners.Test1" name="test1" time="0.043"/>
  <system-out/>
</testsuite> <!-- testForListeners.Test1 -->
