<?xml version="1.0" encoding="UTF-8"?>
<!-- Generated by org.testng.reporters.JUnitReportReporter -->
<testsuite hostname="LAPTOP-U44FM1GC" failures="0" tests="1" name="xmlParameterization.Practice" time="0.020" errors="0" timestamp="2023-01-09T15:49:38 GMT-12:00" skipped="0">
  <testcase classname="xmlParameterization.Practice" name="pract" time="0.020"/>
  <system-out/>
</testsuite> <!-- xmlParameterization.Practice -->
