<?xml version="1.0" encoding="UTF-8"?>
<!-- Generated by org.testng.reporters.JUnitReportReporter -->
<testsuite hostname="LAPTOP-U44FM1GC" failures="0" tests="4" name="testNG.DependsOnAnotherTestcase" time="0.036" errors="0" timestamp="2023-01-24T18:38:52 GMT-12:00" skipped="0">
  <testcase classname="testNG.DependsOnAnotherTestcase" name="demo2" time="0.022"/>
  <system-out/>
  <testcase classname="testNG.DependsOnAnotherTestcase" name="demo1" time="0.004"/>
  <system-out/>
  <testcase classname="testNG.DependsOnAnotherTestcase" name="demo4" time="0.003"/>
  <system-out/>
  <testcase classname="testNG.DependsOnAnotherTestcase" name="demo3" time="0.007"/>
  <system-out/>
</testsuite> <!-- testNG.DependsOnAnotherTestcase -->
