<?xml version="1.0" encoding="UTF-8"?>
<!-- Generated by org.testng.reporters.JUnitReportReporter -->
<testsuite skipped="0" hostname="LAPTOP-U44FM1GC" name="timeOutsInTestNg.TimeOuts" tests="1" failures="0" timestamp="2023-02-09T09:09:34 GMT-12:00" time="0.017" errors="0">
  <testcase name="ByUsingTimeoutsToFailTC" time="0.017" classname="timeOutsInTestNg.TimeOuts"/>
  <system-out/>
</testsuite> <!-- timeOutsInTestNg.TimeOuts -->
