<?xml version="1.0" encoding="UTF-8"?>
<!-- Generated by org.testng.reporters.JUnitReportReporter -->
<testsuite hostname="LAPTOP-U44FM1GC" failures="0" tests="11" name="testNG.DisablingTestcase" time="0.069" errors="0" timestamp="2023-01-24T18:19:37 GMT-12:00" skipped="1">
  <testcase classname="testNG.DisablingTestcase" name="demo2" time="0.008"/>
  <system-out/>
  <testcase classname="testNG.DisablingTestcase" name="demo4" time="0.005"/>
  <system-out/>
  <testcase classname="testNG.DisablingTestcase" name="demo1" time="0.008"/>
  <system-out/>
  <testcase classname="testNG.DisablingTestcase" name="demo4" time="0.003"/>
  <system-out/>
  <testcase classname="testNG.DisablingTestcase" name="demo2" time="0.008"/>
  <system-out/>
  <testcase classname="testNG.DisablingTestcase" name="demo4" time="0.003"/>
  <system-out/>
  <testcase classname="testNG.DisablingTestcase" name="demo1" time="0.021"/>
  <system-out/>
  <testcase classname="testNG.DisablingTestcase" name="demo2" time="0.002"/>
  <system-out/>
  <testcase classname="testNG.DisablingTestcase" name="demo2" time="0.007"/>
  <system-out/>
  <testcase classname="testNG.DisablingTestcase" name="demo4" time="0.004"/>
  <system-out/>
  <testcase classname="testNG.DisablingTestcase" name="demo3">
    <skipped/>
  </testcase> <!-- demo3 -->
  <system-out/>
</testsuite> <!-- testNG.DisablingTestcase -->
