<?xml version="1.0" encoding="UTF-8"?>
<!-- Generated by org.testng.reporters.JUnitReportReporter -->
<testsuite hostname="LAPTOP-U44FM1GC" failures="0" tests="5" name="dataProvider.DataProviderFromExcell" time="0.022" errors="0" timestamp="2023-02-03T12:15:00 GMT-12:00" skipped="0">
  <testcase classname="dataProvider.DataProviderFromExcell" name="testData" time="0.002"/>
  <system-out/>
  <testcase classname="dataProvider.DataProviderFromExcell" name="testData" time="0.003"/>
  <system-out/>
  <testcase classname="dataProvider.DataProviderFromExcell" name="testData" time="0.002"/>
  <system-out/>
  <testcase classname="dataProvider.DataProviderFromExcell" name="testData" time="0.013"/>
  <system-out/>
  <testcase classname="dataProvider.DataProviderFromExcell" name="testData" time="0.002"/>
  <system-out/>
</testsuite> <!-- dataProvider.DataProviderFromExcell -->
