<?xml version="1.0" encoding="UTF-8"?>
<!-- Generated by org.testng.reporters.JUnitReportReporter -->
<testsuite hostname="LAPTOP-U44FM1GC" failures="0" tests="2" name="testNG.InvocationcountANDpriority" time="0.028" errors="0" timestamp="2023-01-24T18:13:00 GMT-12:00" skipped="0">
  <testcase classname="testNG.InvocationcountANDpriority" name="temo1" time="0.022"/>
  <system-out/>
  <testcase classname="testNG.InvocationcountANDpriority" name="temo1" time="0.006"/>
  <system-out/>
</testsuite> <!-- testNG.InvocationcountANDpriority -->
