<?xml version="1.0" encoding="UTF-8"?>
<!-- Generated by org.testng.reporters.JUnitReportReporter -->
<testsuite hostname="LAPTOP-U44FM1GC" failures="0" tests="3" name="grid.Practice1" time="179.235" errors="0" timestamp="2023-02-02T18:18:10 GMT-12:00" skipped="0">
  <testcase classname="grid.Practice1" name="demo" time="59.726"/>
  <system-out/>
  <testcase classname="grid.Practice1" name="demo" time="59.741"/>
  <system-out/>
  <testcase classname="grid.Practice1" name="demo" time="59.768"/>
  <system-out/>
</testsuite> <!-- grid.Practice1 -->
