<?xml version="1.0" encoding="UTF-8"?>
<!-- Generated by org.testng.reporters.JUnitReportReporter -->
<testsuite hostname="LAPTOP-U44FM1GC" failures="0" tests="3" name="testNG.GroupExecutions1" time="0.025" errors="0" timestamp="2023-01-25T18:48:58 GMT-12:00" skipped="0">
  <testcase classname="testNG.GroupExecutions1" name="test2" time="0.002"/>
  <system-out/>
  <testcase classname="testNG.GroupExecutions1" name="test0" time="0.019"/>
  <system-out/>
  <testcase classname="testNG.GroupExecutions1" name="test3" time="0.004"/>
  <system-out/>
</testsuite> <!-- testNG.GroupExecutions1 -->
