<?xml version="1.0" encoding="UTF-8"?>
<!-- Generated by org.testng.reporters.JUnitReportReporter -->
<testsuite hostname="LAPTOP-U44FM1GC" failures="0" tests="13" name="testNG.InvocationCount" time="0.071" errors="0" timestamp="2023-01-24T17:53:40 GMT-12:00" skipped="0">
  <testcase classname="testNG.InvocationCount" name="demo3" time="0.002"/>
  <system-out/>
  <testcase classname="testNG.InvocationCount" name="demo2" time="0.003"/>
  <system-out/>
  <testcase classname="testNG.InvocationCount" name="demo4" time="0.004"/>
  <system-out/>
  <testcase classname="testNG.InvocationCount" name="demo2" time="0.010"/>
  <system-out/>
  <testcase classname="testNG.InvocationCount" name="demo1" time="0.017"/>
  <system-out/>
  <testcase classname="testNG.InvocationCount" name="demo4" time="0.004"/>
  <system-out/>
  <testcase classname="testNG.InvocationCount" name="demo4" time="0.003"/>
  <system-out/>
  <testcase classname="testNG.InvocationCount" name="demo1" time="0.004"/>
  <system-out/>
  <testcase classname="testNG.InvocationCount" name="demo4" time="0.007"/>
  <system-out/>
  <testcase classname="testNG.InvocationCount" name="demo2" time="0.006"/>
  <system-out/>
  <testcase classname="testNG.InvocationCount" name="demo5" time="0.002"/>
  <system-out/>
  <testcase classname="testNG.InvocationCount" name="demo2" time="0.003"/>
  <system-out/>
  <testcase classname="testNG.InvocationCount" name="demo3" time="0.006"/>
  <system-out/>
</testsuite> <!-- testNG.InvocationCount -->
