<?xml version="1.0" encoding="UTF-8"?>
<!-- Generated by org.testng.reporters.JUnitReportReporter -->
<testsuite hostname="LAPTOP-U44FM1GC" failures="0" tests="1" name="testNG.DistributedParallelExe6" time="0.027" errors="0" timestamp="2023-01-26T17:50:49 GMT-12:00" skipped="0">
  <testcase classname="testNG.DistributedParallelExe6" name="dPexe6" time="0.027"/>
  <system-out/>
</testsuite> <!-- testNG.DistributedParallelExe6 -->
