<?xml version="1.0" encoding="UTF-8"?>
<!-- Generated by org.testng.reporters.JUnitReportReporter -->
<testsuite hostname="LAPTOP-U44FM1GC" failures="0" tests="4" name="testNG.Priority" time="0.029" errors="0" timestamp="2023-01-24T17:41:14 GMT-12:00" skipped="0">
  <testcase classname="testNG.Priority" name="test1" time="0.020"/>
  <system-out>
    <![CDATA[test1]]>
  </system-out>
  <testcase classname="testNG.Priority" name="test2" time="0.002"/>
  <system-out>
    <![CDATA[test2]]>
  </system-out>
  <testcase classname="testNG.Priority" name="test3" time="0.004"/>
  <system-out>
    <![CDATA[test3]]>
  </system-out>
  <testcase classname="testNG.Priority" name="test4" time="0.003"/>
  <system-out>
    <![CDATA[test4]]>
  </system-out>
</testsuite> <!-- testNG.Priority -->
