<?xml version="1.0" encoding="UTF-8"?>
<!-- Generated by org.testng.reporters.JUnitReportReporter -->
<testsuite hostname="LAPTOP-U44FM1GC" failures="0" tests="1" name="testForListeners.Test3" time="0.005" errors="0" timestamp="2023-01-31T16:27:59 GMT-12:00" skipped="0">
  <testcase classname="testForListeners.Test3" name="test3" time="0.005"/>
  <system-out/>
</testsuite> <!-- testForListeners.Test3 -->
