<?xml version="1.0" encoding="UTF-8"?>
<!-- Generated by org.testng.reporters.JUnitReportReporter -->
<testsuite hostname="LAPTOP-U44FM1GC" failures="0" tests="1" name="testNG.DistributedParallelExe5" time="0.004" errors="0" timestamp="2023-01-26T17:50:49 GMT-12:00" skipped="0">
  <testcase classname="testNG.DistributedParallelExe5" name="dPexe5" time="0.004"/>
  <system-out/>
</testsuite> <!-- testNG.DistributedParallelExe5 -->
