<?xml version="1.0" encoding="UTF-8"?>
<!-- Generated by org.testng.reporters.JUnitReportReporter -->
<testsuite hostname="LAPTOP-U44FM1GC" failures="0" tests="3" name="dataProvider.PracticeTest" time="0.022" errors="0" timestamp="2023-01-30T17:56:51 GMT-12:00" skipped="0">
  <testcase classname="dataProvider.PracticeTest" name="bookTicketTest" time="0.005"/>
  <system-out/>
  <testcase classname="dataProvider.PracticeTest" name="bookTicketTest" time="0.011"/>
  <system-out/>
  <testcase classname="dataProvider.PracticeTest" name="bookTicketTest" time="0.006"/>
  <system-out/>
</testsuite> <!-- dataProvider.PracticeTest -->
