<?xml version="1.0" encoding="UTF-8"?>
<!-- Generated by org.testng.reporters.JUnitReportReporter -->
<testsuite hostname="LAPTOP-U44FM1GC" failures="0" tests="3" name="testNG.GroupExecution3" time="0.016" errors="0" timestamp="2023-01-25T18:48:58 GMT-12:00" skipped="0">
  <testcase classname="testNG.GroupExecution3" name="test3" time="0.008"/>
  <system-out/>
  <testcase classname="testNG.GroupExecution3" name="test0" time="0.003"/>
  <system-out/>
  <testcase classname="testNG.GroupExecution3" name="test2" time="0.005"/>
  <system-out/>
</testsuite> <!-- testNG.GroupExecution3 -->
